{"/Users/matej/Desktop/jest_practice/index.js": {"path":"/Users/matej/Desktop/jest_practice/index.js","statementMap":{"0":{"start":{"line":3,"column":12},"end":{"line":8,"column":1}},"1":{"start":{"line":4,"column":2},"end":{"line":6,"column":3}},"2":{"start":{"line":5,"column":4},"end":{"line":5,"column":55}},"3":{"start":{"line":7,"column":2},"end":{"line":7,"column":15}},"4":{"start":{"line":10,"column":23},"end":{"line":10,"column":78}},"5":{"start":{"line":10,"column":32},"end":{"line":10,"column":78}},"6":{"start":{"line":12,"column":0},"end":{"line":15,"column":2}}},"fnMap":{"0":{"name":"(anonymous_0)","decl":{"start":{"line":3,"column":12},"end":{"line":3,"column":13}},"loc":{"start":{"line":3,"column":22},"end":{"line":8,"column":1}},"line":3},"1":{"name":"(anonymous_1)","decl":{"start":{"line":10,"column":23},"end":{"line":10,"column":24}},"loc":{"start":{"line":10,"column":32},"end":{"line":10,"column":78}},"line":10}},"branchMap":{"0":{"loc":{"start":{"line":4,"column":2},"end":{"line":6,"column":3}},"type":"if","locations":[{"start":{"line":4,"column":2},"end":{"line":6,"column":3}},{"start":{},"end":{}}],"line":4},"1":{"loc":{"start":{"line":4,"column":6},"end":{"line":4,"column":68}},"type":"binary-expr","locations":[{"start":{"line":4,"column":6},"end":{"line":4,"column":16}},{"start":{"line":4,"column":20},"end":{"line":4,"column":35}},{"start":{"line":4,"column":39},"end":{"line":4,"column":49}},{"start":{"line":4,"column":53},"end":{"line":4,"column":68}}],"line":4}},"s":{"0":1,"1":6,"2":3,"3":3,"4":1,"5":5,"6":1},"f":{"0":6,"1":5},"b":{"0":[3,3],"1":[6,4,4,4]},"_coverageSchema":"1a1c01bbd47fc00a2c39e90264f33305004495a9","hash":"08f100c529542aebf14fefdc510da97a3801d12f"}
}
